<?xml version="1.0" encoding="UTF-8"?>
<!-- Generated by org.testng.reporters.JUnitReportReporter -->
<testsuite hostname="DESKTOP-OJM2MG8" failures="0" tests="2" name="tests.LoginTest" time="35.829" errors="0" timestamp="10 Dec 2023 09:23:41 GMT" skipped="0">
  <testcase classname="tests.LoginTest" name="login" time="17.532"/>
  <testcase classname="tests.LoginTest" name="login" time="18.297"/>
</testsuite> <!-- tests.LoginTest -->
