<?xml version="1.0" encoding="UTF-8"?>
<!-- Generated by org.testng.reporters.JUnitReportReporter -->
<testsuite hostname="DESKTOP-OJM2MG8" failures="0" tests="2" name="tests.LoginTest" time="35.144" errors="0" timestamp="09 Dec 2023 15:05:10 GMT" skipped="0">
  <testcase classname="tests.LoginTest" name="login" time="19.051"/>
  <testcase classname="tests.LoginTest" name="login" time="16.093"/>
</testsuite> <!-- tests.LoginTest -->
